0 info it worked if it ends with ok
1 verbose cli [ '/usr/local/Cellar/node/7.5.0/bin/node',
1 verbose cli   '/Users/vik/.npm-packages/bin/npm',
1 verbose cli   'run',
1 verbose cli   'test:feature' ]
2 info using npm@4.1.2
3 info using node@v7.5.0
4 verbose run-script [ 'pretest:feature', 'test:feature', 'posttest:feature' ]
5 info lifecycle greenfox-smc@1.0.0~pretest:feature: greenfox-smc@1.0.0
6 silly lifecycle greenfox-smc@1.0.0~pretest:feature: no script for pretest:feature, continuing
7 info lifecycle greenfox-smc@1.0.0~test:feature: greenfox-smc@1.0.0
8 verbose lifecycle greenfox-smc@1.0.0~test:feature: unsafe-perm in lifecycle true
9 verbose lifecycle greenfox-smc@1.0.0~test:feature: PATH: /Users/vik/.npm-packages/lib/node_modules/npm/bin/node-gyp-bin:/Users/vik/www/queue/node_modules/.bin:/Users/vik/.npm-packages/lib/node_modules/npm/bin/node-gyp-bin:/Users/vik/www/queue/node_modules/.bin:/Users/vik/.npm-packages/bin:/Users/vik/bin:/usr/local/bin:/Users/vik/.npm-packages/bin:/Users/vik/bin:/usr/local/bin:/usr/local/bin:/usr/bin:/bin:/usr/sbin:/sbin:/Users/vik/www/queue/node_modules/npm-watch/node_modules/.bin
10 verbose lifecycle greenfox-smc@1.0.0~test:feature: CWD: /Users/vik/www/queue
11 silly lifecycle greenfox-smc@1.0.0~test:feature: Args: [ '-c',
11 silly lifecycle   'SUPPRESS_NO_CONFIG_WARNING=true ./node_modules/cucumber/bin/cucumber.js ./src/features --compiler es6:babel-core/register --require ./src/features/support/testSetup.js --require ./src/features' ]
12 silly lifecycle greenfox-smc@1.0.0~test:feature: Returned: code: 1  signal: null
13 info lifecycle greenfox-smc@1.0.0~test:feature: Failed to exec test:feature script
14 verbose stack Error: greenfox-smc@1.0.0 test:feature: `SUPPRESS_NO_CONFIG_WARNING=true ./node_modules/cucumber/bin/cucumber.js ./src/features --compiler es6:babel-core/register --require ./src/features/support/testSetup.js --require ./src/features`
14 verbose stack Exit status 1
14 verbose stack     at EventEmitter.<anonymous> (/Users/vik/.npm-packages/lib/node_modules/npm/lib/utils/lifecycle.js:279:16)
14 verbose stack     at emitTwo (events.js:106:13)
14 verbose stack     at EventEmitter.emit (events.js:192:7)
14 verbose stack     at ChildProcess.<anonymous> (/Users/vik/.npm-packages/lib/node_modules/npm/lib/utils/spawn.js:40:14)
14 verbose stack     at emitTwo (events.js:106:13)
14 verbose stack     at ChildProcess.emit (events.js:192:7)
14 verbose stack     at maybeClose (internal/child_process.js:890:16)
14 verbose stack     at Process.ChildProcess._handle.onexit (internal/child_process.js:226:5)
15 verbose pkgid greenfox-smc@1.0.0
16 verbose cwd /Users/vik/www/queue
17 error Darwin 16.4.0
18 error argv "/usr/local/Cellar/node/7.5.0/bin/node" "/Users/vik/.npm-packages/bin/npm" "run" "test:feature"
19 error node v7.5.0
20 error npm  v4.1.2
21 error code ELIFECYCLE
22 error greenfox-smc@1.0.0 test:feature: `SUPPRESS_NO_CONFIG_WARNING=true ./node_modules/cucumber/bin/cucumber.js ./src/features --compiler es6:babel-core/register --require ./src/features/support/testSetup.js --require ./src/features`
22 error Exit status 1
23 error Failed at the greenfox-smc@1.0.0 test:feature script 'SUPPRESS_NO_CONFIG_WARNING=true ./node_modules/cucumber/bin/cucumber.js ./src/features --compiler es6:babel-core/register --require ./src/features/support/testSetup.js --require ./src/features'.
23 error Make sure you have the latest version of node.js and npm installed.
23 error If you do, this is most likely a problem with the greenfox-smc package,
23 error not with npm itself.
23 error Tell the author that this fails on your system:
23 error     SUPPRESS_NO_CONFIG_WARNING=true ./node_modules/cucumber/bin/cucumber.js ./src/features --compiler es6:babel-core/register --require ./src/features/support/testSetup.js --require ./src/features
23 error You can get information on how to open an issue for this project with:
23 error     npm bugs greenfox-smc
23 error Or if that isn't available, you can get their info via:
23 error     npm owner ls greenfox-smc
23 error There is likely additional logging output above.
24 verbose exit [ 1, true ]
